Case #1: 1 0
Case #2: 1 0
Case #3: 1 1
Case #4: 0 0
Case #5: 500 499
Case #6: 0 0
Case #7: 3 2
Case #8: 0 0
Case #9: 1 0
Case #10: 0 0
Case #11: 1 0
Case #12: 0 0
Case #13: 1 0
Case #14: 0 0
Case #15: 499 499
Case #16: 7 6
Case #17: 0 0
Case #18: 0 0
Case #19: 125 124
Case #20: 0 0
Case #21: 250 249
Case #22: 0 0
Case #23: 0 0
Case #24: 1 1
Case #25: 1 1
Case #26: 1 1
Case #27: 1 1
Case #28: 0 0
Case #29: 0 0
Case #30: 1 0
Case #31: 1 1
Case #32: 0 0
Case #33: 3 2
Case #34: 1 0
Case #35: 0 0
Case #36: 0 0
Case #37: 1 1
Case #38: 1 0
Case #39: 0 0
Case #40: 1 0
Case #41: 0 0
Case #42: 0 0
Case #43: 0 0
Case #44: 3 3
Case #45: 0 0
Case #46: 1 0
Case #47: 3 3
Case #48: 0 0
Case #49: 3 3
Case #50: 1 1
Case #51: 3 3
Case #52: 1 1
Case #53: 0 0
Case #54: 3 2
Case #55: 1 0
Case #56: 0 0
Case #57: 1 0
Case #58: 2 2
Case #59: 250 249
Case #60: 1 1
Case #61: 0 0
Case #62: 0 0
Case #63: 0 0
Case #64: 1 1
Case #65: 7 6
Case #66: 0 0
Case #67: 0 0
Case #68: 0 0
Case #69: 0 0
Case #70: 1 0
Case #71: 0 0
Case #72: 0 0
Case #73: 249 249
Case #74: 0 0
Case #75: 0 0
Case #76: 0 0
Case #77: 0 0
Case #78: 0 0
Case #79: 0 0
Case #80: 3 2
Case #81: 0 0
Case #82: 1 0
Case #83: 0 0
Case #84: 1 0
Case #85: 0 0
Case #86: 0 0
Case #87: 0 0
Case #88: 1 0
Case #89: 0 0
Case #90: 1 0
Case #91: 0 0
Case #92: 2 1
Case #93: 0 0
Case #94: 0 0
Case #95: 0 0
Case #96: 1 0
Case #97: 0 0
Case #98: 0 0
Case #99: 1 0
Case #100: 0 0
