Case #1: ITWUORWMTIHLHXND
Case #2: ZHWIEVQY
Case #3: LKVZZUM
Case #4: RZBUJBVYEBGFA
Case #5: RIVNPYCJWCV
Case #6: IPRJSIWLAUJOORGCCTGB
Case #7: TWFDIRYHKZDLJ
Case #8: IOEAKZJPRPKTJNOZB
Case #9: AANVPJKOEXCCV
Case #10: VAJSYAGAOJIWVEJDZGMI
Case #11: QYNQXKWTBWLQAV
Case #12: OLBECAKH
Case #13: THWUPQDIQCGC
Case #14: XHS
Case #15: ESSXWCVAAXUNPKZBP
Case #16: AYGOJBGQSGJ
Case #17: OWGREQBHQQUMLNVUWQBK
Case #18: PGCEPKNOHRAPVWKNOZT
Case #19: ZKENPXEYPEIPAAUSSRGK
Case #20: ZKENPXEYPEIPAAUSSRGK
Case #21: ZKENPXEYPEIPAAUSSRGK
Case #22: ZKENPXEYPEIPAAUSSRGK
Case #23: ZKENPXEYPEIPAAUSSRGK
Case #24: ZKENPXEYPEIPAAUSSRGK
Case #25: ZKENPXEYPEIPAAUSSRGK
Case #26: ZKENPXEYPEIPAAUSSRGK
Case #27: ZKENPXEYPEIPAAUSSRGK
Case #28: ZKENPXEYPEIPAAUSSRGK
Case #29: ZKENPXEYPEIPAAUSSRGK
Case #30: ZKENPXEYPEIPAAUSSRGK
Case #31: ZKENPXEYPEIPAAUSSRGK
Case #32: ZKENPXEYPEIPAAUSSRGK
Case #33: ZKENPXEYPEIPAAUSSRGK
Case #34: ZKENPXEYPEIPAAUSSRGK
Case #35: ZKENPXEYPEIPAAUSSRGK
Case #36: ZKENPXEYPEIPAAUSSRGK
Case #37: ZKENPXEYPEIPAAUSSRGK
Case #38: ZKENPXEYPEIPAAUSSRGK
Case #39: ZKENPXEYPEIPAAUSSRGK
Case #40: ZKENPXEYPEIPAAUSSRGK
Case #41: ZKENPXEYPEIPAAUSSRGK
Case #42: ZKENPXEYPEIPAAUSSRGK
Case #43: ZKENPXEYPEIPAAUSSRGK
Case #44: ZKENPXEYPEIPAAUSSRGK
Case #45: ZKENPXEYPEIPAAUSSRGK
Case #46: ZKENPXEYPEIPAAUSSRGK
Case #47: ZKENPXEYPEIPAAUSSRGK
Case #48: ZKENPXEYPEIPAAUSSRGK
Case #49: ZKENPXEYPEIPAAUSSRGK
Case #50: ZKENPXEYPEIPAAUSSRGK
Case #51: ZKENPXEYPEIPAAUSSRGK
Case #52: ZKENPXEYPEIPAAUSSRGK
Case #53: ZKENPXEYPEIPAAUSSRGK
Case #54: ZKENPXEYPEIPAAUSSRGK
Case #55: ZKENPXEYPEIPAAUSSRGK
Case #56: ZKENPXEYPEIPAAUSSRGK
Case #57: ZKENPXEYPEIPAAUSSRGK
Case #58: MNXBEGBOOMKSS
Case #59: MNXBEGBOOMKSS
Case #60: MNXBEGBOOMKSS
Case #61: MNXBEGBOOMKSS
Case #62: MNXBEGBOOMKSS
Case #63: MNXBEGBOOMKSS
Case #64: MNXBEGBOOMKSS
Case #65: MNXBEGBOOMKSS
Case #66: MNXBEGBOOMKSS
Case #67: MNXBEGBOOMKSS
Case #68: MNXBEGBOOMKSS
Case #69: MNXBEGBOOMKSS
Case #70: MNXBEGBOOMKSS
Case #71: MNXBEGBOOMKSS
Case #72: MNXBEGBOOMKSS
Case #73: MNXBEGBOOMKSS
Case #74: MNXBEGBOOMKSS
Case #75: MNXBEGBOOMKSS
Case #76: MNXBEGBOOMKSS
Case #77: MNXBEGBOOMKSS
Case #78: MNXBEGBOOMKSS
Case #79: MNXBEGBOOMKSS
Case #80: YMZIKGEFLEI
Case #81: YMZIKGEFLEI
Case #82: YMZIKGEFLEI
Case #83: YMZIKGEFLEI
Case #84: YMZIKGEFLEI
Case #85: YMZIKGEFLEI
Case #86: YMZIKGEFLEI
Case #87: YMZIKGEFLEI
Case #88: YMZIKGEFLEI
Case #89: YMZIKGEFLEI
Case #90: YMZIKGEFLEI
Case #91: YMZIKGEFLEI
Case #92: YMZIKGEFLEI
Case #93: YMZIKGEFLEI
Case #94: YMZIKGEFLEI
Case #95: YMZIKGEFLEI
Case #96: SGNHUKEIPSR
Case #97: CVBUXITBLQQQDEJQK
Case #98: MC
Case #99: FCRPUFUHLREINTBTI
Case #100: BYGCK
